[0.434s] DEBUG:colcon:Command line arguments: ['/usr/bin/colcon', 'list', '-p', '--base-paths', '/home/her/Documents/ros_modbus']
[0.434s] DEBUG:colcon:Parsed command line arguments: Namespace(allow_overriding=[], base_paths=['/home/her/Documents/ros_modbus'], build_base='build', ignore_user_meta=False, log_base=None, log_level=None, main=<bound method ListVerb.main of <colcon_package_information.verb.list.ListVerb object at 0x7fc29909f100>>, metas=['./colcon.meta'], names_only=False, packages_above=None, packages_above_and_dependencies=None, packages_above_depth=None, packages_end=None, packages_ignore=None, packages_ignore_regex=None, packages_select=None, packages_select_build_failed=False, packages_select_by_dep=None, packages_select_regex=None, packages_select_test_failures=False, packages_skip=None, packages_skip_build_finished=False, packages_skip_by_dep=None, packages_skip_regex=None, packages_skip_test_passed=False, packages_skip_up_to=None, packages_start=None, packages_up_to=None, packages_up_to_regex=None, paths=None, paths_only=True, topological_graph=False, topological_graph_density=False, topological_graph_dot=False, topological_graph_dot_cluster=False, topological_graph_dot_include_skipped=False, topological_graph_legend=False, topological_order=False, verb_extension=<colcon_package_information.verb.list.ListVerb object at 0x7fc29909f100>, verb_name='list', verb_parser=<colcon_defaults.argument_parser.defaults.DefaultArgumentsDecorator object at 0x7fc29909ff40>)
[0.490s] Level 1:colcon.colcon_core.package_discovery:discover_packages(colcon_meta) check parameters
[0.490s] Level 1:colcon.colcon_core.package_discovery:discover_packages(recursive) check parameters
[0.491s] Level 1:colcon.colcon_core.package_discovery:discover_packages(ignore) check parameters
[0.491s] Level 1:colcon.colcon_core.package_discovery:discover_packages(path) check parameters
[0.491s] Level 1:colcon.colcon_core.package_discovery:discover_packages(recursive) discover
[0.491s] INFO:colcon.colcon_core.package_discovery:Crawling recursively for packages in '/home/her/Documents/ros_modbus'
[0.491s] Level 1:colcon.colcon_core.package_identification:_identify(/home/her/Documents/ros_modbus) by extensions ['ignore', 'ignore_ament_install']
[0.491s] Level 1:colcon.colcon_core.package_identification:_identify(/home/her/Documents/ros_modbus) by extension 'ignore'
[0.491s] Level 1:colcon.colcon_core.package_identification:_identify(/home/her/Documents/ros_modbus) by extension 'ignore_ament_install'
[0.492s] Level 1:colcon.colcon_core.package_identification:_identify(/home/her/Documents/ros_modbus) by extensions ['colcon_pkg']
[0.492s] Level 1:colcon.colcon_core.package_identification:_identify(/home/her/Documents/ros_modbus) by extension 'colcon_pkg'
[0.492s] Level 1:colcon.colcon_core.package_identification:_identify(/home/her/Documents/ros_modbus) by extensions ['colcon_meta']
[0.492s] Level 1:colcon.colcon_core.package_identification:_identify(/home/her/Documents/ros_modbus) by extension 'colcon_meta'
[0.492s] Level 1:colcon.colcon_core.package_identification:_identify(/home/her/Documents/ros_modbus) by extensions ['ros']
[0.492s] Level 1:colcon.colcon_core.package_identification:_identify(/home/her/Documents/ros_modbus) by extension 'ros'
[0.511s] Level 1:colcon.colcon_core.package_identification:_identify(/home/her/Documents/ros_modbus) by extensions ['cmake', 'python']
[0.511s] Level 1:colcon.colcon_core.package_identification:_identify(/home/her/Documents/ros_modbus) by extension 'cmake'
[0.511s] Level 1:colcon.colcon_core.package_identification:_identify(/home/her/Documents/ros_modbus) by extension 'python'
[0.512s] Level 1:colcon.colcon_core.package_identification:_identify(/home/her/Documents/ros_modbus) by extensions ['python_setup_py']
[0.512s] Level 1:colcon.colcon_core.package_identification:_identify(/home/her/Documents/ros_modbus) by extension 'python_setup_py'
[0.512s] Level 1:colcon.colcon_core.package_identification:_identify(/home/her/Documents/ros_modbus/build) by extensions ['ignore', 'ignore_ament_install']
[0.512s] Level 1:colcon.colcon_core.package_identification:_identify(/home/her/Documents/ros_modbus/build) by extension 'ignore'
[0.512s] Level 1:colcon.colcon_core.package_identification:_identify(/home/her/Documents/ros_modbus/build) by extension 'ignore_ament_install'
[0.512s] Level 1:colcon.colcon_core.package_identification:_identify(/home/her/Documents/ros_modbus/build) by extensions ['colcon_pkg']
[0.512s] Level 1:colcon.colcon_core.package_identification:_identify(/home/her/Documents/ros_modbus/build) by extension 'colcon_pkg'
[0.513s] Level 1:colcon.colcon_core.package_identification:_identify(/home/her/Documents/ros_modbus/build) by extensions ['colcon_meta']
[0.513s] Level 1:colcon.colcon_core.package_identification:_identify(/home/her/Documents/ros_modbus/build) by extension 'colcon_meta'
[0.513s] Level 1:colcon.colcon_core.package_identification:_identify(/home/her/Documents/ros_modbus/build) by extensions ['ros']
[0.513s] Level 1:colcon.colcon_core.package_identification:_identify(/home/her/Documents/ros_modbus/build) by extension 'ros'
[0.513s] Level 1:colcon.colcon_core.package_identification:_identify(/home/her/Documents/ros_modbus/build) ignored
[0.513s] Level 1:colcon.colcon_core.package_identification:_identify(/home/her/Documents/ros_modbus/devel) by extensions ['ignore', 'ignore_ament_install']
[0.513s] Level 1:colcon.colcon_core.package_identification:_identify(/home/her/Documents/ros_modbus/devel) by extension 'ignore'
[0.513s] Level 1:colcon.colcon_core.package_identification:_identify(/home/her/Documents/ros_modbus/devel) by extension 'ignore_ament_install'
[0.513s] Level 1:colcon.colcon_core.package_identification:_identify(/home/her/Documents/ros_modbus/devel) ignored
[0.514s] Level 1:colcon.colcon_core.package_identification:_identify(/home/her/Documents/ros_modbus/log) by extensions ['ignore', 'ignore_ament_install']
[0.514s] Level 1:colcon.colcon_core.package_identification:_identify(/home/her/Documents/ros_modbus/log) by extension 'ignore'
[0.514s] Level 1:colcon.colcon_core.package_identification:_identify(/home/her/Documents/ros_modbus/log) ignored
[0.514s] Level 1:colcon.colcon_core.package_identification:_identify(/home/her/Documents/ros_modbus/src) by extensions ['ignore', 'ignore_ament_install']
[0.514s] Level 1:colcon.colcon_core.package_identification:_identify(/home/her/Documents/ros_modbus/src) by extension 'ignore'
[0.514s] Level 1:colcon.colcon_core.package_identification:_identify(/home/her/Documents/ros_modbus/src) by extension 'ignore_ament_install'
[0.515s] Level 1:colcon.colcon_core.package_identification:_identify(/home/her/Documents/ros_modbus/src) by extensions ['colcon_pkg']
[0.515s] Level 1:colcon.colcon_core.package_identification:_identify(/home/her/Documents/ros_modbus/src) by extension 'colcon_pkg'
[0.515s] Level 1:colcon.colcon_core.package_identification:_identify(/home/her/Documents/ros_modbus/src) by extensions ['colcon_meta']
[0.515s] Level 1:colcon.colcon_core.package_identification:_identify(/home/her/Documents/ros_modbus/src) by extension 'colcon_meta'
[0.515s] Level 1:colcon.colcon_core.package_identification:_identify(/home/her/Documents/ros_modbus/src) by extensions ['ros']
[0.515s] Level 1:colcon.colcon_core.package_identification:_identify(/home/her/Documents/ros_modbus/src) by extension 'ros'
[0.515s] Level 1:colcon.colcon_core.package_identification:_identify(/home/her/Documents/ros_modbus/src) by extensions ['cmake', 'python']
[0.515s] Level 1:colcon.colcon_core.package_identification:_identify(/home/her/Documents/ros_modbus/src) by extension 'cmake'
[0.525s] WARNING:colcon.colcon_cmake.package_identification.cmake:Ignoring '/home/her/Documents/ros_modbus/src/CMakeLists.txt' since it seems to be a toplevel CMake file generated by 'catkin_make'
[0.525s] Level 1:colcon.colcon_core.package_identification:_identify(/home/her/Documents/ros_modbus/src) by extension 'python'
[0.525s] Level 1:colcon.colcon_core.package_identification:_identify(/home/her/Documents/ros_modbus/src) by extensions ['python_setup_py']
[0.525s] Level 1:colcon.colcon_core.package_identification:_identify(/home/her/Documents/ros_modbus/src) by extension 'python_setup_py'
[0.526s] Level 1:colcon.colcon_core.package_identification:_identify(/home/her/Documents/ros_modbus/src/comm_motor) by extensions ['ignore', 'ignore_ament_install']
[0.526s] Level 1:colcon.colcon_core.package_identification:_identify(/home/her/Documents/ros_modbus/src/comm_motor) by extension 'ignore'
[0.526s] Level 1:colcon.colcon_core.package_identification:_identify(/home/her/Documents/ros_modbus/src/comm_motor) by extension 'ignore_ament_install'
[0.526s] Level 1:colcon.colcon_core.package_identification:_identify(/home/her/Documents/ros_modbus/src/comm_motor) by extensions ['colcon_pkg']
[0.526s] Level 1:colcon.colcon_core.package_identification:_identify(/home/her/Documents/ros_modbus/src/comm_motor) by extension 'colcon_pkg'
[0.526s] Level 1:colcon.colcon_core.package_identification:_identify(/home/her/Documents/ros_modbus/src/comm_motor) by extensions ['colcon_meta']
[0.526s] Level 1:colcon.colcon_core.package_identification:_identify(/home/her/Documents/ros_modbus/src/comm_motor) by extension 'colcon_meta'
[0.526s] Level 1:colcon.colcon_core.package_identification:_identify(/home/her/Documents/ros_modbus/src/comm_motor) by extensions ['ros']
[0.526s] Level 1:colcon.colcon_core.package_identification:_identify(/home/her/Documents/ros_modbus/src/comm_motor) by extension 'ros'
[0.531s] DEBUG:colcon.colcon_core.package_identification:Package '/home/her/Documents/ros_modbus/src/comm_motor' with type 'ros.catkin' and name 'comm_motor'
[0.531s] Level 1:colcon.colcon_core.package_discovery:discover_packages(recursive) using defaults
