[0.977s] DEBUG:colcon:Command line arguments: ['/usr/bin/colcon', 'list', '-p', '--base-paths', '/home/her/Documents/ros_modbus']
[0.978s] DEBUG:colcon:Parsed command line arguments: Namespace(allow_overriding=[], base_paths=['/home/her/Documents/ros_modbus'], build_base='build', ignore_user_meta=False, log_base=None, log_level=None, main=<bound method ListVerb.main of <colcon_package_information.verb.list.ListVerb object at 0x7fbb23303100>>, metas=['./colcon.meta'], names_only=False, packages_above=None, packages_above_and_dependencies=None, packages_above_depth=None, packages_end=None, packages_ignore=None, packages_ignore_regex=None, packages_select=None, packages_select_build_failed=False, packages_select_by_dep=None, packages_select_regex=None, packages_select_test_failures=False, packages_skip=None, packages_skip_build_finished=False, packages_skip_by_dep=None, packages_skip_regex=None, packages_skip_test_passed=False, packages_skip_up_to=None, packages_start=None, packages_up_to=None, packages_up_to_regex=None, paths=None, paths_only=True, topological_graph=False, topological_graph_density=False, topological_graph_dot=False, topological_graph_dot_cluster=False, topological_graph_dot_include_skipped=False, topological_graph_legend=False, topological_order=False, verb_extension=<colcon_package_information.verb.list.ListVerb object at 0x7fbb23303100>, verb_name='list', verb_parser=<colcon_defaults.argument_parser.defaults.DefaultArgumentsDecorator object at 0x7fbb23303f40>)
[1.101s] Level 1:colcon.colcon_core.package_discovery:discover_packages(colcon_meta) check parameters
[1.101s] Level 1:colcon.colcon_core.package_discovery:discover_packages(recursive) check parameters
[1.101s] Level 1:colcon.colcon_core.package_discovery:discover_packages(ignore) check parameters
[1.101s] Level 1:colcon.colcon_core.package_discovery:discover_packages(path) check parameters
[1.101s] Level 1:colcon.colcon_core.package_discovery:discover_packages(recursive) discover
[1.101s] INFO:colcon.colcon_core.package_discovery:Crawling recursively for packages in '/home/her/Documents/ros_modbus'
[1.102s] Level 1:colcon.colcon_core.package_identification:_identify(/home/her/Documents/ros_modbus) by extensions ['ignore', 'ignore_ament_install']
[1.102s] Level 1:colcon.colcon_core.package_identification:_identify(/home/her/Documents/ros_modbus) by extension 'ignore'
[1.102s] Level 1:colcon.colcon_core.package_identification:_identify(/home/her/Documents/ros_modbus) by extension 'ignore_ament_install'
[1.102s] Level 1:colcon.colcon_core.package_identification:_identify(/home/her/Documents/ros_modbus) by extensions ['colcon_pkg']
[1.102s] Level 1:colcon.colcon_core.package_identification:_identify(/home/her/Documents/ros_modbus) by extension 'colcon_pkg'
[1.102s] Level 1:colcon.colcon_core.package_identification:_identify(/home/her/Documents/ros_modbus) by extensions ['colcon_meta']
[1.102s] Level 1:colcon.colcon_core.package_identification:_identify(/home/her/Documents/ros_modbus) by extension 'colcon_meta'
[1.103s] Level 1:colcon.colcon_core.package_identification:_identify(/home/her/Documents/ros_modbus) by extensions ['ros']
[1.103s] Level 1:colcon.colcon_core.package_identification:_identify(/home/her/Documents/ros_modbus) by extension 'ros'
[1.154s] Level 1:colcon.colcon_core.package_identification:_identify(/home/her/Documents/ros_modbus) by extensions ['cmake', 'python']
[1.154s] Level 1:colcon.colcon_core.package_identification:_identify(/home/her/Documents/ros_modbus) by extension 'cmake'
[1.154s] Level 1:colcon.colcon_core.package_identification:_identify(/home/her/Documents/ros_modbus) by extension 'python'
[1.154s] Level 1:colcon.colcon_core.package_identification:_identify(/home/her/Documents/ros_modbus) by extensions ['python_setup_py']
[1.154s] Level 1:colcon.colcon_core.package_identification:_identify(/home/her/Documents/ros_modbus) by extension 'python_setup_py'
[1.154s] Level 1:colcon.colcon_core.package_identification:_identify(/home/her/Documents/ros_modbus/log) by extensions ['ignore', 'ignore_ament_install']
[1.154s] Level 1:colcon.colcon_core.package_identification:_identify(/home/her/Documents/ros_modbus/log) by extension 'ignore'
[1.155s] Level 1:colcon.colcon_core.package_identification:_identify(/home/her/Documents/ros_modbus/log) ignored
[1.155s] Level 1:colcon.colcon_core.package_identification:_identify(/home/her/Documents/ros_modbus/src) by extensions ['ignore', 'ignore_ament_install']
[1.155s] Level 1:colcon.colcon_core.package_identification:_identify(/home/her/Documents/ros_modbus/src) by extension 'ignore'
[1.155s] Level 1:colcon.colcon_core.package_identification:_identify(/home/her/Documents/ros_modbus/src) by extension 'ignore_ament_install'
[1.155s] Level 1:colcon.colcon_core.package_identification:_identify(/home/her/Documents/ros_modbus/src) by extensions ['colcon_pkg']
[1.156s] Level 1:colcon.colcon_core.package_identification:_identify(/home/her/Documents/ros_modbus/src) by extension 'colcon_pkg'
[1.156s] Level 1:colcon.colcon_core.package_identification:_identify(/home/her/Documents/ros_modbus/src) by extensions ['colcon_meta']
[1.156s] Level 1:colcon.colcon_core.package_identification:_identify(/home/her/Documents/ros_modbus/src) by extension 'colcon_meta'
[1.158s] Level 1:colcon.colcon_core.package_identification:_identify(/home/her/Documents/ros_modbus/src) by extensions ['ros']
[1.158s] Level 1:colcon.colcon_core.package_identification:_identify(/home/her/Documents/ros_modbus/src) by extension 'ros'
[1.158s] Level 1:colcon.colcon_core.package_identification:_identify(/home/her/Documents/ros_modbus/src) by extensions ['cmake', 'python']
[1.158s] Level 1:colcon.colcon_core.package_identification:_identify(/home/her/Documents/ros_modbus/src) by extension 'cmake'
[1.158s] Level 1:colcon.colcon_core.package_identification:_identify(/home/her/Documents/ros_modbus/src) by extension 'python'
[1.158s] Level 1:colcon.colcon_core.package_identification:_identify(/home/her/Documents/ros_modbus/src) by extensions ['python_setup_py']
[1.158s] Level 1:colcon.colcon_core.package_identification:_identify(/home/her/Documents/ros_modbus/src) by extension 'python_setup_py'
[1.162s] Level 1:colcon.colcon_core.package_identification:_identify(/home/her/Documents/ros_modbus/src/newmotor) by extensions ['ignore', 'ignore_ament_install']
[1.162s] Level 1:colcon.colcon_core.package_identification:_identify(/home/her/Documents/ros_modbus/src/newmotor) by extension 'ignore'
[1.162s] Level 1:colcon.colcon_core.package_identification:_identify(/home/her/Documents/ros_modbus/src/newmotor) by extension 'ignore_ament_install'
[1.163s] Level 1:colcon.colcon_core.package_identification:_identify(/home/her/Documents/ros_modbus/src/newmotor) by extensions ['colcon_pkg']
[1.163s] Level 1:colcon.colcon_core.package_identification:_identify(/home/her/Documents/ros_modbus/src/newmotor) by extension 'colcon_pkg'
[1.163s] Level 1:colcon.colcon_core.package_identification:_identify(/home/her/Documents/ros_modbus/src/newmotor) by extensions ['colcon_meta']
[1.163s] Level 1:colcon.colcon_core.package_identification:_identify(/home/her/Documents/ros_modbus/src/newmotor) by extension 'colcon_meta'
[1.163s] Level 1:colcon.colcon_core.package_identification:_identify(/home/her/Documents/ros_modbus/src/newmotor) by extensions ['ros']
[1.163s] Level 1:colcon.colcon_core.package_identification:_identify(/home/her/Documents/ros_modbus/src/newmotor) by extension 'ros'
[1.169s] DEBUG:colcon.colcon_core.package_identification:Package '/home/her/Documents/ros_modbus/src/newmotor' with type 'ros.catkin' and name 'newmotor'
[1.169s] Level 1:colcon.colcon_core.package_discovery:discover_packages(recursive) using defaults
